<?xml version="1.0" encoding="UTF-8"?>
<robot generator="Robot 3.2.2 (Python 3.8.6 on darwin)" generated="20210128 18:04:30.709" rpa="false">
<suite id="s1" name="Google Places Api" source="/Users/aayush/PycharmProjects/API_TEST/test_cases/google_places_api.robot">
<test id="s1-t1" name="places_api_test_case">
<kw name="Create Session" library="RequestsLibrary">
<doc>Create Session: create a HTTP session to a server</doc>
<arguments>
<arg>my_session</arg>
<arg>${base_url}</arg>
</arguments>
<msg timestamp="20210128 18:04:30.848" level="INFO">Creating Session using : alias=my_session, url=https://maps.googleapis.com, headers={},                     cookies={}, auth=None, timeout=None, proxies=None, verify=False,                     debug=0 </msg>
<status status="PASS" starttime="20210128 18:04:30.848" endtime="20210128 18:04:30.849"></status>
</kw>
<kw name="Create Dictionary" library="BuiltIn">
<doc>Creates and returns a dictionary based on the given ``items``.</doc>
<arguments>
<arg>Location=-33.8670522,151.1957362</arg>
<arg>radius=500</arg>
<arg>types=food</arg>
<arg>name=harbour</arg>
<arg>key=AIzaSyBquX4ghOeZYG0sMnnx6quNjJhg8Zig-D0</arg>
</arguments>
<assign>
<var>${params}</var>
</assign>
<msg timestamp="20210128 18:04:30.849" level="INFO">${params} = {'Location': '-33.8670522,151.1957362', 'radius': '500', 'types': 'food', 'name': 'harbour', 'key': 'AIzaSyBquX4ghOeZYG0sMnnx6quNjJhg8Zig-D0'}</msg>
<status status="PASS" starttime="20210128 18:04:30.849" endtime="20210128 18:04:30.850"></status>
</kw>
<kw name="Get Request" library="RequestsLibrary">
<doc>*DEPRECATED* Please use `GET On Session` instead.</doc>
<arguments>
<arg>my_session</arg>
<arg>${req_uri}</arg>
<arg>params=${params}</arg>
</arguments>
<assign>
<var>${response}</var>
</assign>
<msg timestamp="20210128 18:04:30.850" level="WARN">Keyword 'RequestsLibrary.Get Request' is deprecated. Please use `GET On Session` instead.</msg>
<msg timestamp="20210128 18:04:31.169" level="INFO">GET Request : url=https://maps.googleapis.com/maps/api/place/nearbysearch/json?Location=-33.8670522%2C151.1957362&amp;radius=500&amp;types=food&amp;name=harbour&amp;key=AIzaSyBquX4ghOeZYG0sMnnx6quNjJhg8Zig-D0 
 path_url=/maps/api/place/nearbysearch/json?Location=-33.8670522%2C151.1957362&amp;radius=500&amp;types=food&amp;name=harbour&amp;key=AIzaSyBquX4ghOeZYG0sMnnx6quNjJhg8Zig-D0 
 headers={'User-Agent': 'python-requests/2.25.1', 'Accept-Encoding': 'gzip, deflate', 'Accept': '*/*', 'Connection': 'keep-alive'} 
 body=None 
 </msg>
<msg timestamp="20210128 18:04:31.170" level="INFO">GET Response : url=https://maps.googleapis.com/maps/api/place/nearbysearch/json?Location=-33.8670522%2C151.1957362&amp;radius=500&amp;types=food&amp;name=harbour&amp;key=AIzaSyBquX4ghOeZYG0sMnnx6quNjJhg8Zig-D0 
 status=200, reason=OK 
 headers={'Content-Type': 'application/json; charset=UTF-8', 'Date': 'Thu, 28 Jan 2021 12:19:31 GMT', 'Pragma': 'no-cache', 'Expires': 'Fri, 01 Jan 1990 00:00:00 GMT', 'Cache-Control': 'no-cache, must-revalidate', 'Vary': 'Accept-Language', 'Content-Encoding': 'gzip', 'Server': 'scaffolding on HTTPServer2', 'X-XSS-Protection': '0', 'X-Frame-Options': 'SAMEORIGIN', 'Server-Timing': 'gfet4t7; dur=17', 'Alt-Svc': 'h3-29=":443"; ma=2592000,h3-T051=":443"; ma=2592000,h3-Q050=":443"; ma=2592000,h3-Q046=":443"; ma=2592000,h3-Q043=":443"; ma=2592000,quic=":443"; ma=2592000; v="46,43"', 'Transfer-Encoding': 'chunked'} 
 body={
   "error_message" : "You must enable Billing on the Google Cloud Project at https://console.cloud.google.com/project/_/billing/enable Learn more at https://developers.google.com/maps/gmp-get-started",
   "html_attributions" : [],
   "results" : [],
   "status" : "REQUEST_DENIED"
}
 
 </msg>
<msg timestamp="20210128 18:04:31.170" level="INFO">/Users/aayush/PycharmProjects/API_TEST/venv/lib/python3.8/site-packages/urllib3/connectionpool.py:1013: InsecureRequestWarning: Unverified HTTPS request is being made to host 'maps.googleapis.com'. Adding certificate verification is strongly advised. See: https://urllib3.readthedocs.io/en/latest/advanced-usage.html#ssl-warnings
  warnings.warn(</msg>
<msg timestamp="20210128 18:04:31.170" level="INFO">${response} = &lt;Response [200]&gt;</msg>
<status status="PASS" starttime="20210128 18:04:30.850" endtime="20210128 18:04:31.170"></status>
</kw>
<kw name="Log To Console" library="BuiltIn">
<doc>Logs the given message to the console.</doc>
<arguments>
<arg>${response.content}</arg>
</arguments>
<status status="PASS" starttime="20210128 18:04:31.171" endtime="20210128 18:04:31.172"></status>
</kw>
<kw name="Log To Console" library="BuiltIn">
<doc>Logs the given message to the console.</doc>
<arguments>
<arg>${response.status_code}</arg>
</arguments>
<status status="PASS" starttime="20210128 18:04:31.172" endtime="20210128 18:04:31.173"></status>
</kw>
<status status="PASS" starttime="20210128 18:04:30.847" endtime="20210128 18:04:31.173" critical="yes"></status>
</test>
<status status="PASS" starttime="20210128 18:04:30.712" endtime="20210128 18:04:31.175"></status>
</suite>
<statistics>
<total>
<stat pass="1" fail="0">Critical Tests</stat>
<stat pass="1" fail="0">All Tests</stat>
</total>
<tag>
</tag>
<suite>
<stat pass="1" fail="0" id="s1" name="Google Places Api">Google Places Api</stat>
</suite>
</statistics>
<errors>
<msg timestamp="20210128 18:04:30.850" level="WARN">Keyword 'RequestsLibrary.Get Request' is deprecated. Please use `GET On Session` instead.</msg>
</errors>
</robot>
